2025-10-06T19:25:04.942+03:30  INFO 3512 --- [store] [main] com.isc.store.StoreApplication           : Starting StoreApplication using Java 21.0.7 with PID 3512 (/Users/mahdisalmanizadehgan/Downloads/store/target/classes started by mahdisalmanizadehgan in /Users/mahdisalmanizadehgan/Downloads/store)
2025-10-06T19:25:04.944+03:30  INFO 3512 --- [store] [main] com.isc.store.StoreApplication           : The following 1 profile is active: "dev"
2025-10-06T19:25:05.381+03:30  INFO 3512 --- [store] [main] .s.d.r.c.RepositoryConfigurationDelegate : Bootstrapping Spring Data JPA repositories in DEFAULT mode.
2025-10-06T19:25:05.416+03:30  INFO 3512 --- [store] [main] .s.d.r.c.RepositoryConfigurationDelegate : Finished Spring Data repository scanning in 29 ms. Found 6 JPA repository interfaces.
2025-10-06T19:25:05.847+03:30  INFO 3512 --- [store] [main] o.s.b.w.embedded.tomcat.TomcatWebServer  : Tomcat initialized with port 8080 (http)
2025-10-06T19:25:05.861+03:30  INFO 3512 --- [store] [main] o.apache.catalina.core.StandardService   : Starting service [Tomcat]
2025-10-06T19:25:05.861+03:30  INFO 3512 --- [store] [main] o.apache.catalina.core.StandardEngine    : Starting Servlet engine: [Apache Tomcat/10.1.46]
2025-10-06T19:25:05.888+03:30  INFO 3512 --- [store] [main] o.a.c.c.C.[Tomcat].[localhost].[/]       : Initializing Spring embedded WebApplicationContext
2025-10-06T19:25:05.888+03:30  INFO 3512 --- [store] [main] w.s.c.ServletWebServerApplicationContext : Root WebApplicationContext: initialization completed in 924 ms
2025-10-06T19:25:06.077+03:30  INFO 3512 --- [store] [main] com.zaxxer.hikari.HikariDataSource       : HikariPool-1 - Starting...
2025-10-06T19:25:06.185+03:30  INFO 3512 --- [store] [main] com.zaxxer.hikari.pool.HikariPool        : HikariPool-1 - Added connection conn0: url=jdbc:h2:mem:testdb user=SA
2025-10-06T19:25:06.186+03:30  INFO 3512 --- [store] [main] com.zaxxer.hikari.HikariDataSource       : HikariPool-1 - Start completed.
2025-10-06T19:25:06.213+03:30  INFO 3512 --- [store] [main] org.flywaydb.core.FlywayExecutor         : Database: jdbc:h2:mem:testdb (H2 2.3)
2025-10-06T19:25:06.233+03:30  INFO 3512 --- [store] [main] o.f.c.i.s.JdbcTableSchemaHistory         : Schema history table "PUBLIC"."flyway_schema_history" does not exist yet
2025-10-06T19:25:06.234+03:30  INFO 3512 --- [store] [main] o.f.core.internal.command.DbValidate     : Successfully validated 3 migrations (execution time 00:00.012s)
2025-10-06T19:25:06.238+03:30  INFO 3512 --- [store] [main] o.f.c.i.s.JdbcTableSchemaHistory         : Creating Schema History table "PUBLIC"."flyway_schema_history" ...
2025-10-06T19:25:06.256+03:30  INFO 3512 --- [store] [main] o.f.core.internal.command.DbMigrate      : Current version of schema "PUBLIC": << Empty Schema >>
2025-10-06T19:25:06.260+03:30  INFO 3512 --- [store] [main] o.f.core.internal.command.DbMigrate      : Migrating schema "PUBLIC" to version "1 - initialize"
2025-10-06T19:25:06.275+03:30  INFO 3512 --- [store] [main] o.f.core.internal.command.DbMigrate      : Migrating schema "PUBLIC" to version "2 - create carts"
2025-10-06T19:25:06.282+03:30  INFO 3512 --- [store] [main] o.f.core.internal.command.DbMigrate      : Migrating schema "PUBLIC" to version "3 - populate data"
2025-10-06T19:25:06.289+03:30  INFO 3512 --- [store] [main] o.f.core.internal.command.DbMigrate      : Successfully applied 3 migrations to schema "PUBLIC", now at version v3 (execution time 00:00.014s)
2025-10-06T19:25:06.352+03:30  INFO 3512 --- [store] [main] o.hibernate.jpa.internal.util.LogHelper  : HHH000204: Processing PersistenceUnitInfo [name: default]
2025-10-06T19:25:06.390+03:30  INFO 3512 --- [store] [main] org.hibernate.Version                    : HHH000412: Hibernate ORM core version 6.6.29.Final
2025-10-06T19:25:06.409+03:30  INFO 3512 --- [store] [main] o.h.c.internal.RegionFactoryInitiator    : HHH000026: Second-level cache disabled
2025-10-06T19:25:06.575+03:30  INFO 3512 --- [store] [main] o.s.o.j.p.SpringPersistenceUnitInfo      : No LoadTimeWeaver setup: ignoring JPA class transformer
2025-10-06T19:25:06.603+03:30  WARN 3512 --- [store] [main] org.hibernate.orm.deprecation            : HHH90000025: H2Dialect does not need to be specified explicitly using 'hibernate.dialect' (remove the property setting and it will be selected by default)
2025-10-06T19:25:06.610+03:30  INFO 3512 --- [store] [main] org.hibernate.orm.connections.pooling    : HHH10001005: Database info:
	Database JDBC URL [Connecting through datasource 'HikariDataSource (HikariPool-1)']
	Database driver: undefined/unknown
	Database version: 2.3.232
	Autocommit mode: undefined/unknown
	Isolation level: undefined/unknown
	Minimum pool size: undefined/unknown
	Maximum pool size: undefined/unknown
2025-10-06T19:25:07.177+03:30  INFO 3512 --- [store] [main] o.h.e.t.j.p.i.JtaPlatformInitiator       : HHH000489: No JTA platform available (set 'hibernate.transaction.jta.platform' to enable JTA platform integration)
2025-10-06T19:25:07.187+03:30  INFO 3512 --- [store] [main] j.LocalContainerEntityManagerFactoryBean : Initialized JPA EntityManagerFactory for persistence unit 'default'
2025-10-06T19:25:07.398+03:30  INFO 3512 --- [store] [main] eAuthenticationProviderManagerConfigurer : Global AuthenticationManager configured with AuthenticationProvider bean with name authenticationProvider
2025-10-06T19:25:07.398+03:30  WARN 3512 --- [store] [main] r$InitializeUserDetailsManagerConfigurer : Global AuthenticationManager configured with an AuthenticationProvider bean. UserDetailsService beans will not be used by Spring Security for automatically configuring username/password login. Consider removing the AuthenticationProvider bean. Alternatively, consider using the UserDetailsService in a manually instantiated DaoAuthenticationProvider. If the current configuration is intentional, to turn off this warning, increase the logging level of 'org.springframework.security.config.annotation.authentication.configuration.InitializeUserDetailsBeanManagerConfigurer' to ERROR
2025-10-06T19:25:07.439+03:30  INFO 3512 --- [store] [main] o.s.d.j.r.query.QueryEnhancerFactory     : Hibernate is in classpath; If applicable, HQL parser will be used.
2025-10-06T19:25:07.814+03:30  WARN 3512 --- [store] [main] JpaBaseConfiguration$JpaWebConfiguration : spring.jpa.open-in-view is enabled by default. Therefore, database queries may be performed during view rendering. Explicitly configure spring.jpa.open-in-view to disable this warning
2025-10-06T19:25:08.270+03:30  INFO 3512 --- [store] [main] o.s.b.a.h2.H2ConsoleAutoConfiguration    : H2 console available at '/h2-console'. Database available at 'jdbc:h2:mem:testdb'
2025-10-06T19:25:08.321+03:30  INFO 3512 --- [store] [main] o.s.b.w.embedded.tomcat.TomcatWebServer  : Tomcat started on port 8080 (http) with context path '/'
2025-10-06T19:25:08.329+03:30  INFO 3512 --- [store] [main] com.isc.store.StoreApplication           : Started StoreApplication in 3.642 seconds (process running for 4.036)
2025-10-06T19:53:52.536+03:30  INFO 3512 --- [store] [SpringApplicationShutdownHook] o.s.b.w.e.tomcat.GracefulShutdown        : Commencing graceful shutdown. Waiting for active requests to complete
2025-10-06T19:53:52.540+03:30  INFO 3512 --- [store] [tomcat-shutdown] o.s.b.w.e.tomcat.GracefulShutdown        : Graceful shutdown complete
2025-10-06T19:53:52.544+03:30  INFO 3512 --- [store] [SpringApplicationShutdownHook] j.LocalContainerEntityManagerFactoryBean : Closing JPA EntityManagerFactory for persistence unit 'default'
2025-10-06T19:53:52.546+03:30  INFO 3512 --- [store] [SpringApplicationShutdownHook] com.zaxxer.hikari.HikariDataSource       : HikariPool-1 - Shutdown initiated...
2025-10-06T19:53:52.547+03:30  INFO 3512 --- [store] [SpringApplicationShutdownHook] com.zaxxer.hikari.HikariDataSource       : HikariPool-1 - Shutdown completed.
2025-10-06T19:53:54.738+03:30  INFO 3803 --- [store] [main] com.isc.store.StoreApplication           : Starting StoreApplication using Java 21.0.7 with PID 3803 (/Users/mahdisalmanizadehgan/Downloads/store/target/classes started by mahdisalmanizadehgan in /Users/mahdisalmanizadehgan/Downloads/store)
2025-10-06T19:53:54.739+03:30  INFO 3803 --- [store] [main] com.isc.store.StoreApplication           : The following 1 profile is active: "dev"
2025-10-06T19:53:55.164+03:30  INFO 3803 --- [store] [main] .s.d.r.c.RepositoryConfigurationDelegate : Bootstrapping Spring Data JPA repositories in DEFAULT mode.
2025-10-06T19:53:55.200+03:30  INFO 3803 --- [store] [main] .s.d.r.c.RepositoryConfigurationDelegate : Finished Spring Data repository scanning in 31 ms. Found 6 JPA repository interfaces.
2025-10-06T19:53:55.605+03:30  INFO 3803 --- [store] [main] o.s.b.w.embedded.tomcat.TomcatWebServer  : Tomcat initialized with port 8080 (http)
2025-10-06T19:53:55.616+03:30  INFO 3803 --- [store] [main] o.apache.catalina.core.StandardService   : Starting service [Tomcat]
2025-10-06T19:53:55.617+03:30  INFO 3803 --- [store] [main] o.apache.catalina.core.StandardEngine    : Starting Servlet engine: [Apache Tomcat/10.1.46]
2025-10-06T19:53:55.643+03:30  INFO 3803 --- [store] [main] o.a.c.c.C.[Tomcat].[localhost].[/]       : Initializing Spring embedded WebApplicationContext
2025-10-06T19:53:55.644+03:30  INFO 3803 --- [store] [main] w.s.c.ServletWebServerApplicationContext : Root WebApplicationContext: initialization completed in 884 ms
2025-10-06T19:53:55.838+03:30  INFO 3803 --- [store] [main] com.zaxxer.hikari.HikariDataSource       : HikariPool-1 - Starting...
2025-10-06T19:53:55.942+03:30  INFO 3803 --- [store] [main] com.zaxxer.hikari.pool.HikariPool        : HikariPool-1 - Added connection conn0: url=jdbc:h2:mem:testdb user=SA
2025-10-06T19:53:55.943+03:30  INFO 3803 --- [store] [main] com.zaxxer.hikari.HikariDataSource       : HikariPool-1 - Start completed.
2025-10-06T19:53:55.973+03:30  INFO 3803 --- [store] [main] org.flywaydb.core.FlywayExecutor         : Database: jdbc:h2:mem:testdb (H2 2.3)
2025-10-06T19:53:55.989+03:30  INFO 3803 --- [store] [main] o.f.c.i.s.JdbcTableSchemaHistory         : Schema history table "PUBLIC"."flyway_schema_history" does not exist yet
2025-10-06T19:53:55.990+03:30  INFO 3803 --- [store] [main] o.f.core.internal.command.DbValidate     : Successfully validated 3 migrations (execution time 00:00.008s)
2025-10-06T19:53:55.993+03:30  INFO 3803 --- [store] [main] o.f.c.i.s.JdbcTableSchemaHistory         : Creating Schema History table "PUBLIC"."flyway_schema_history" ...
2025-10-06T19:53:56.010+03:30  INFO 3803 --- [store] [main] o.f.core.internal.command.DbMigrate      : Current version of schema "PUBLIC": << Empty Schema >>
2025-10-06T19:53:56.014+03:30  INFO 3803 --- [store] [main] o.f.core.internal.command.DbMigrate      : Migrating schema "PUBLIC" to version "1 - initialize"
2025-10-06T19:53:56.028+03:30  INFO 3803 --- [store] [main] o.f.core.internal.command.DbMigrate      : Migrating schema "PUBLIC" to version "2 - create carts"
2025-10-06T19:53:56.034+03:30  INFO 3803 --- [store] [main] o.f.core.internal.command.DbMigrate      : Migrating schema "PUBLIC" to version "3 - populate data"
2025-10-06T19:53:56.041+03:30  INFO 3803 --- [store] [main] o.f.core.internal.command.DbMigrate      : Successfully applied 3 migrations to schema "PUBLIC", now at version v3 (execution time 00:00.014s)
2025-10-06T19:53:56.097+03:30  INFO 3803 --- [store] [main] o.hibernate.jpa.internal.util.LogHelper  : HHH000204: Processing PersistenceUnitInfo [name: default]
2025-10-06T19:53:56.127+03:30  INFO 3803 --- [store] [main] org.hibernate.Version                    : HHH000412: Hibernate ORM core version 6.6.29.Final
2025-10-06T19:53:56.145+03:30  INFO 3803 --- [store] [main] o.h.c.internal.RegionFactoryInitiator    : HHH000026: Second-level cache disabled
2025-10-06T19:53:56.279+03:30  INFO 3803 --- [store] [main] o.s.o.j.p.SpringPersistenceUnitInfo      : No LoadTimeWeaver setup: ignoring JPA class transformer
2025-10-06T19:53:56.301+03:30  WARN 3803 --- [store] [main] org.hibernate.orm.deprecation            : HHH90000025: H2Dialect does not need to be specified explicitly using 'hibernate.dialect' (remove the property setting and it will be selected by default)
2025-10-06T19:53:56.308+03:30  INFO 3803 --- [store] [main] org.hibernate.orm.connections.pooling    : HHH10001005: Database info:
	Database JDBC URL [Connecting through datasource 'HikariDataSource (HikariPool-1)']
	Database driver: undefined/unknown
	Database version: 2.3.232
	Autocommit mode: undefined/unknown
	Isolation level: undefined/unknown
	Minimum pool size: undefined/unknown
	Maximum pool size: undefined/unknown
2025-10-06T19:53:56.867+03:30  INFO 3803 --- [store] [main] o.h.e.t.j.p.i.JtaPlatformInitiator       : HHH000489: No JTA platform available (set 'hibernate.transaction.jta.platform' to enable JTA platform integration)
2025-10-06T19:53:56.878+03:30  INFO 3803 --- [store] [main] j.LocalContainerEntityManagerFactoryBean : Initialized JPA EntityManagerFactory for persistence unit 'default'
2025-10-06T19:53:57.085+03:30  INFO 3803 --- [store] [main] eAuthenticationProviderManagerConfigurer : Global AuthenticationManager configured with AuthenticationProvider bean with name authenticationProvider
2025-10-06T19:53:57.086+03:30  WARN 3803 --- [store] [main] r$InitializeUserDetailsManagerConfigurer : Global AuthenticationManager configured with an AuthenticationProvider bean. UserDetailsService beans will not be used by Spring Security for automatically configuring username/password login. Consider removing the AuthenticationProvider bean. Alternatively, consider using the UserDetailsService in a manually instantiated DaoAuthenticationProvider. If the current configuration is intentional, to turn off this warning, increase the logging level of 'org.springframework.security.config.annotation.authentication.configuration.InitializeUserDetailsBeanManagerConfigurer' to ERROR
2025-10-06T19:53:57.128+03:30  INFO 3803 --- [store] [main] o.s.d.j.r.query.QueryEnhancerFactory     : Hibernate is in classpath; If applicable, HQL parser will be used.
2025-10-06T19:53:57.492+03:30  WARN 3803 --- [store] [main] JpaBaseConfiguration$JpaWebConfiguration : spring.jpa.open-in-view is enabled by default. Therefore, database queries may be performed during view rendering. Explicitly configure spring.jpa.open-in-view to disable this warning
2025-10-06T19:53:57.969+03:30  INFO 3803 --- [store] [main] o.s.b.a.h2.H2ConsoleAutoConfiguration    : H2 console available at '/h2-console'. Database available at 'jdbc:h2:mem:testdb'
2025-10-06T19:53:58.018+03:30  INFO 3803 --- [store] [main] o.s.b.w.embedded.tomcat.TomcatWebServer  : Tomcat started on port 8080 (http) with context path '/'
2025-10-06T19:53:58.025+03:30  INFO 3803 --- [store] [main] com.isc.store.StoreApplication           : Started StoreApplication in 3.521 seconds (process running for 3.828)
2025-10-06T20:01:00.680+03:30  INFO 3803 --- [store] [SpringApplicationShutdownHook] o.s.b.w.e.tomcat.GracefulShutdown        : Commencing graceful shutdown. Waiting for active requests to complete
2025-10-06T20:01:00.684+03:30  INFO 3803 --- [store] [tomcat-shutdown] o.s.b.w.e.tomcat.GracefulShutdown        : Graceful shutdown complete
2025-10-06T20:01:00.688+03:30  INFO 3803 --- [store] [SpringApplicationShutdownHook] j.LocalContainerEntityManagerFactoryBean : Closing JPA EntityManagerFactory for persistence unit 'default'
2025-10-06T20:01:00.689+03:30  INFO 3803 --- [store] [SpringApplicationShutdownHook] com.zaxxer.hikari.HikariDataSource       : HikariPool-1 - Shutdown initiated...
2025-10-06T20:01:00.690+03:30  INFO 3803 --- [store] [SpringApplicationShutdownHook] com.zaxxer.hikari.HikariDataSource       : HikariPool-1 - Shutdown completed.
2025-10-06T20:44:31.407+03:30  INFO 4161 --- [store] [main] com.isc.store.StoreApplication           : Starting StoreApplication using Java 21.0.7 with PID 4161 (/Users/mahdisalmanizadehgan/Downloads/store/target/classes started by mahdisalmanizadehgan in /Users/mahdisalmanizadehgan/Downloads/store)
2025-10-06T20:44:31.408+03:30  INFO 4161 --- [store] [main] com.isc.store.StoreApplication           : The following 1 profile is active: "dev"
2025-10-06T20:44:31.867+03:30  INFO 4161 --- [store] [main] .s.d.r.c.RepositoryConfigurationDelegate : Bootstrapping Spring Data JPA repositories in DEFAULT mode.
2025-10-06T20:44:31.907+03:30  INFO 4161 --- [store] [main] .s.d.r.c.RepositoryConfigurationDelegate : Finished Spring Data repository scanning in 33 ms. Found 6 JPA repository interfaces.
2025-10-06T20:44:32.323+03:30  INFO 4161 --- [store] [main] o.s.b.w.embedded.tomcat.TomcatWebServer  : Tomcat initialized with port 8080 (http)
2025-10-06T20:44:32.337+03:30  INFO 4161 --- [store] [main] o.apache.catalina.core.StandardService   : Starting service [Tomcat]
2025-10-06T20:44:32.338+03:30  INFO 4161 --- [store] [main] o.apache.catalina.core.StandardEngine    : Starting Servlet engine: [Apache Tomcat/10.1.46]
2025-10-06T20:44:32.366+03:30  INFO 4161 --- [store] [main] o.a.c.c.C.[Tomcat].[localhost].[/]       : Initializing Spring embedded WebApplicationContext
2025-10-06T20:44:32.366+03:30  INFO 4161 --- [store] [main] w.s.c.ServletWebServerApplicationContext : Root WebApplicationContext: initialization completed in 939 ms
2025-10-06T20:44:32.561+03:30  INFO 4161 --- [store] [main] com.zaxxer.hikari.HikariDataSource       : HikariPool-1 - Starting...
2025-10-06T20:44:32.672+03:30  INFO 4161 --- [store] [main] com.zaxxer.hikari.pool.HikariPool        : HikariPool-1 - Added connection conn0: url=jdbc:h2:mem:testdb user=SA
2025-10-06T20:44:32.673+03:30  INFO 4161 --- [store] [main] com.zaxxer.hikari.HikariDataSource       : HikariPool-1 - Start completed.
2025-10-06T20:44:32.700+03:30  INFO 4161 --- [store] [main] org.flywaydb.core.FlywayExecutor         : Database: jdbc:h2:mem:testdb (H2 2.3)
2025-10-06T20:44:32.722+03:30  INFO 4161 --- [store] [main] o.f.c.i.s.JdbcTableSchemaHistory         : Schema history table "PUBLIC"."flyway_schema_history" does not exist yet
2025-10-06T20:44:32.724+03:30  INFO 4161 --- [store] [main] o.f.core.internal.command.DbValidate     : Successfully validated 3 migrations (execution time 00:00.009s)
2025-10-06T20:44:32.728+03:30  INFO 4161 --- [store] [main] o.f.c.i.s.JdbcTableSchemaHistory         : Creating Schema History table "PUBLIC"."flyway_schema_history" ...
2025-10-06T20:44:32.746+03:30  INFO 4161 --- [store] [main] o.f.core.internal.command.DbMigrate      : Current version of schema "PUBLIC": << Empty Schema >>
2025-10-06T20:44:32.750+03:30  INFO 4161 --- [store] [main] o.f.core.internal.command.DbMigrate      : Migrating schema "PUBLIC" to version "1 - initialize"
2025-10-06T20:44:32.766+03:30  INFO 4161 --- [store] [main] o.f.core.internal.command.DbMigrate      : Migrating schema "PUBLIC" to version "2 - create carts"
2025-10-06T20:44:32.773+03:30  INFO 4161 --- [store] [main] o.f.core.internal.command.DbMigrate      : Migrating schema "PUBLIC" to version "3 - populate data"
2025-10-06T20:44:32.781+03:30  INFO 4161 --- [store] [main] o.f.core.internal.command.DbMigrate      : Successfully applied 3 migrations to schema "PUBLIC", now at version v3 (execution time 00:00.016s)
2025-10-06T20:44:32.839+03:30  INFO 4161 --- [store] [main] o.hibernate.jpa.internal.util.LogHelper  : HHH000204: Processing PersistenceUnitInfo [name: default]
2025-10-06T20:44:32.867+03:30  INFO 4161 --- [store] [main] org.hibernate.Version                    : HHH000412: Hibernate ORM core version 6.6.29.Final
2025-10-06T20:44:32.884+03:30  INFO 4161 --- [store] [main] o.h.c.internal.RegionFactoryInitiator    : HHH000026: Second-level cache disabled
2025-10-06T20:44:33.039+03:30  INFO 4161 --- [store] [main] o.s.o.j.p.SpringPersistenceUnitInfo      : No LoadTimeWeaver setup: ignoring JPA class transformer
2025-10-06T20:44:33.064+03:30  WARN 4161 --- [store] [main] org.hibernate.orm.deprecation            : HHH90000025: H2Dialect does not need to be specified explicitly using 'hibernate.dialect' (remove the property setting and it will be selected by default)
2025-10-06T20:44:33.071+03:30  INFO 4161 --- [store] [main] org.hibernate.orm.connections.pooling    : HHH10001005: Database info:
	Database JDBC URL [Connecting through datasource 'HikariDataSource (HikariPool-1)']
	Database driver: undefined/unknown
	Database version: 2.3.232
	Autocommit mode: undefined/unknown
	Isolation level: undefined/unknown
	Minimum pool size: undefined/unknown
	Maximum pool size: undefined/unknown
2025-10-06T20:44:33.662+03:30  INFO 4161 --- [store] [main] o.h.e.t.j.p.i.JtaPlatformInitiator       : HHH000489: No JTA platform available (set 'hibernate.transaction.jta.platform' to enable JTA platform integration)
2025-10-06T20:44:33.674+03:30  INFO 4161 --- [store] [main] j.LocalContainerEntityManagerFactoryBean : Initialized JPA EntityManagerFactory for persistence unit 'default'
2025-10-06T20:44:33.900+03:30  INFO 4161 --- [store] [main] eAuthenticationProviderManagerConfigurer : Global AuthenticationManager configured with AuthenticationProvider bean with name authenticationProvider
2025-10-06T20:44:33.900+03:30  WARN 4161 --- [store] [main] r$InitializeUserDetailsManagerConfigurer : Global AuthenticationManager configured with an AuthenticationProvider bean. UserDetailsService beans will not be used by Spring Security for automatically configuring username/password login. Consider removing the AuthenticationProvider bean. Alternatively, consider using the UserDetailsService in a manually instantiated DaoAuthenticationProvider. If the current configuration is intentional, to turn off this warning, increase the logging level of 'org.springframework.security.config.annotation.authentication.configuration.InitializeUserDetailsBeanManagerConfigurer' to ERROR
2025-10-06T20:44:33.944+03:30  INFO 4161 --- [store] [main] o.s.d.j.r.query.QueryEnhancerFactory     : Hibernate is in classpath; If applicable, HQL parser will be used.
2025-10-06T20:44:34.313+03:30  WARN 4161 --- [store] [main] JpaBaseConfiguration$JpaWebConfiguration : spring.jpa.open-in-view is enabled by default. Therefore, database queries may be performed during view rendering. Explicitly configure spring.jpa.open-in-view to disable this warning
2025-10-06T20:44:34.791+03:30  INFO 4161 --- [store] [main] o.s.b.a.h2.H2ConsoleAutoConfiguration    : H2 console available at '/h2-console'. Database available at 'jdbc:h2:mem:testdb'
2025-10-06T20:44:34.841+03:30  INFO 4161 --- [store] [main] o.s.b.w.embedded.tomcat.TomcatWebServer  : Tomcat started on port 8080 (http) with context path '/'
2025-10-06T20:44:34.848+03:30  INFO 4161 --- [store] [main] com.isc.store.StoreApplication           : Started StoreApplication in 3.67 seconds (process running for 4.065)
2025-10-06T20:48:14.743+03:30  INFO 4161 --- [store] [SpringApplicationShutdownHook] o.s.b.w.e.tomcat.GracefulShutdown        : Commencing graceful shutdown. Waiting for active requests to complete
2025-10-06T20:48:14.747+03:30  INFO 4161 --- [store] [tomcat-shutdown] o.s.b.w.e.tomcat.GracefulShutdown        : Graceful shutdown complete
2025-10-06T20:48:14.751+03:30  INFO 4161 --- [store] [SpringApplicationShutdownHook] j.LocalContainerEntityManagerFactoryBean : Closing JPA EntityManagerFactory for persistence unit 'default'
2025-10-06T20:48:14.752+03:30  INFO 4161 --- [store] [SpringApplicationShutdownHook] com.zaxxer.hikari.HikariDataSource       : HikariPool-1 - Shutdown initiated...
2025-10-06T20:48:14.753+03:30  INFO 4161 --- [store] [SpringApplicationShutdownHook] com.zaxxer.hikari.HikariDataSource       : HikariPool-1 - Shutdown completed.
